urrvucyrzzzooxhx
mayoqiswqqryvqdi
iiyrkoujhgpgkcvx
eytquncjituzzhsx
tdflsbtiiepijanf
xobfthcuuzhvhzpn
hekxiofhalvmmkdl
ldhkzhejofreaucc
wmveqrezfkaivvaw
sufltffwqbugmozk
qaqlyoyouotsmamm
ovvqestjhbuhrwlr
bbdlivmchvzfuhoc
ttmukbmpoagthtfl
aoojqakosnaxosom
xuejivogihttzimd
bugepxgpgahtsttl
hclsekryiwhqqhir
irqceqtqwemostbb
cgfklbljeneeqfub
zudyqkuqqtdcpmuo
lkvovtsqanohzcmm
hiwoetbfywaeddtx
omeoegeyyospreem
wientdsttkevjtkf
voucjhzvkkhuwoqk
boaaruhalgaamqmh
wjelolsrbginwnno
rsvqimuqbuddozrf
meppxdrenexxksdt
mhowloqnppswyzbu
qzquxawqmupeujrr
tcchwpuouypllcxe
iwmbeunfiuhjaaic
xshhahjaxjoqsjtl
kifnymikhhehgote
tntthdowhewszitu
ymfrbxwrawejkduu
qzqizpiyfasgttex
qnmoemcpuckzsshx
ddyqiihagcmnxccu
trctlytzwiisjamx
zfrswnskuupivzxb
xdwrhwtuooikehbk
ceaouqquvvienszn
gjriqsfrhyguoiiw
gtfyomppzsruhuac
ngvssuwrbtoxtrka
xwwzstmozqarurrq
zzuhqokgmisguyna
juududyojcazzgvr
vevmmqlehvgebmid
syjugymeajlzffhq
hazlqpetgugxxsiz
namzqovvsdipazae
gseupzwowmuuibjo
gdkcluwjhtaaprfo
bvpvwrhoyneorcmm
nwrkbhorhfqqoliz
uavfnvyrjeiwqmuu
odsnbtyimikkbmdd
ctnqnhkcooqipgkh
koennvmolejeftij
mmsmhkxaiqupfjil
gsxlruhjeaareilr
eewezahlumervpyu
gidljbuvuovkhhrf
yzynmnnoumkmlbeh
tblcpuhjyybrlica
layenyqgxdfggloc
uoghiuosiiwiwdws
xpmrxxepkrosnrco
pehmzrzsjngccale
bsnansnfxduritrr
vvusvrivsmhtfild
jlyggqdtamcjiuxn
olxxqfgizjmvigvl
xzvvndrhuejnzesx
fmlrzqmazajxeedl
ssaqruwarlvxrqzm
uwyxshjutkanvvsc
zdrsnoorwqfalnha
xlgmissaiqmowppd
zsofhaqqghncmzuw
bkhyxjkrqbbunido
wedllowzeuswkuez
usfenmavvuevevgr
vhqnydeboeunnvyk
rrioqjluawwwnjcr
fiaeyggmgijnasot
uzphtrpxwfnaiidz
nmfvoqgoppoyosaj
icvnysgixapvtoos
owroouiyptrijzgv
lynnaujghehmpfpt
vrseaozoheawffoq
gbzurepoojlwucuy
rsiaqiiipjlouecx
jjjrprbnlijzatuw
nokmiitzrigxavsc
etzoxwzxqkkhvais
urxxfacgjccieufi
hhrotenctylggzaf
zoikunqxgjwfqqwr
jurfqqawafmsiqwv
xewbavjeppflwscl
mfmygcllauzuoaok
avnnxmopdgvmukuu
iqhgupookcaovwgh
ifyibukeffkbqvcr
sunaucaucykwtkjj
knywgmclisgpootg
vobhwwocqttlbsik
wbqgqkwbibiilhzc
ewjcmzkcnautrrmp
pzoelkoidwglpttc
rrefrjjxerphejwb
wvakvephyukmpemm
mmuglnjmuddzgaik
xnvcsiiqrcjkvecn
kkvumxtvashxcops
bduflsdyeectvcgl
eeqtdneiyiaiofxw
uuutuoxdsxolpbhd
xxlocexbmniiakfo
vohekwkuyuoacuww
joakcwpfggtitizs
vqwndafvmpguggef
mmforetykbosdwce
vzxbttoobtvdtkca
ggluurzavsxkvwkl
eemwekimdfvqslsx
hozbgdoorhthlqpv
raawxozucfqvasru
jqzcfggayzyoqteo
aufajwfrsorqqsnl
ofkvrorwwhusyxjx
himixxvueksiqfdf
adiioqeiejguaost
xedbpxdhphamoodk
mtsynnfxunuohbnf
enamqzfzjunnnkpe
zopllxnidcffcuau
nejwxbhjxxdbenid
guoeefaeafhlgvxh
uqjzalppoorosxxo
keboraqttctosemx
ejatfnyjjdawepyk
mpcrobansyssvmju
tmssrtlxfouowqnr
ntutrvwnzzgmokes
kadkaftffaziqdze
kntwbvhuaahdixzj
gffxatrjglkcehim
rvlwikuqdbpjuvoo
txntccjmqakcoorp
feyeqguxbgmcmgpp
mzuuwbhzdjfdryxu
sztzziuqroeidcus
